<?xml version="1.0" encoding="UTF-8"?>
<testsuite xmlns:xsi="http://www.w3.org/2001/XMLSchema-instance" xsi:noNamespaceSchemaLocation="https://maven.apache.org/surefire/maven-surefire-plugin/xsd/surefire-test-report.xsd" version="3.0.2" name="com.max420.books.BooksApplicationTests" time="4.166" tests="1" errors="0" skipped="0" failures="0">
  <properties>
[...]
</properties>
  <testcase name="contextLoads" classname="com.max420.books.BooksApplicationTests" time="0.369">
    <system-out><![CDATA[21:54:58.703 [main] INFO org.springframework.test.context.support.AnnotationConfigContextLoaderUtils -- Could not detect default configuration classes for test class [com.max420.books.BooksApplicationTests]: BooksApplicationTests does not declare any static, non-private, non-final, nested classes annotated with @Configuration.
21:54:58.810 [main] INFO org.springframework.boot.test.context.SpringBootTestContextBootstrapper -- Found @SpringBootConfiguration com.max420.books.BooksApplication for test class com.max420.books.BooksApplicationTests

  .   ____          _            __ _ _
 /\\ / ___'_ __ _ _(_)_ __  __ _ \ \ \ \
( ( )\___ | '_ | '_| | '_ \/ _` | \ \ \ \
 \\/  ___)| |_)| | | | | || (_| |  ) ) ) )
  '  |____| .__|_| |_|_| |_\__, | / / / /
 =========|_|==============|___/=/_/_/_/

 :: Spring Boot ::                (v3.4.2)

2025-01-25T21:54:59.230+01:00  INFO 2592 --- [books] [           main] com.max420.books.BooksApplicationTests   : Starting BooksApplicationTests using Java 21.0.4 with PID 2592 (started by Maks in C:\Users\Maks\OneDrive\Pulpit\LibraryApp\books\books)
2025-01-25T21:54:59.231+01:00  INFO 2592 --- [books] [           main] com.max420.books.BooksApplicationTests   : No active profile set, falling back to 1 default profile: "default"
2025-01-25T21:54:59.652+01:00  INFO 2592 --- [books] [           main] .s.d.r.c.RepositoryConfigurationDelegate : Bootstrapping Spring Data JPA repositories in DEFAULT mode.
2025-01-25T21:54:59.666+01:00  INFO 2592 --- [books] [           main] .s.d.r.c.RepositoryConfigurationDelegate : Finished Spring Data repository scanning in 3 ms. Found 0 JPA repository interfaces.
2025-01-25T21:55:00.330+01:00  INFO 2592 --- [books] [           main] o.hibernate.jpa.internal.util.LogHelper  : HHH000204: Processing PersistenceUnitInfo [name: default]
2025-01-25T21:55:00.383+01:00  INFO 2592 --- [books] [           main] org.hibernate.Version                    : HHH000412: Hibernate ORM core version 6.6.5.Final
2025-01-25T21:55:00.414+01:00  INFO 2592 --- [books] [           main] o.h.c.internal.RegionFactoryInitiator    : HHH000026: Second-level cache disabled
2025-01-25T21:55:00.719+01:00  INFO 2592 --- [books] [           main] o.s.o.j.p.SpringPersistenceUnitInfo      : No LoadTimeWeaver setup: ignoring JPA class transformer
2025-01-25T21:55:00.753+01:00  INFO 2592 --- [books] [           main] com.zaxxer.hikari.HikariDataSource       : HikariPool-1 - Starting...
2025-01-25T21:55:00.918+01:00  INFO 2592 --- [books] [           main] com.zaxxer.hikari.pool.HikariPool        : HikariPool-1 - Added connection org.postgresql.jdbc.PgConnection@1da75dde
2025-01-25T21:55:00.920+01:00  INFO 2592 --- [books] [           main] com.zaxxer.hikari.HikariDataSource       : HikariPool-1 - Start completed.
2025-01-25T21:55:00.955+01:00  WARN 2592 --- [books] [           main] org.hibernate.orm.deprecation            : HHH90000025: PostgreSQLDialect does not need to be specified explicitly using 'hibernate.dialect' (remove the property setting and it will be selected by default)
2025-01-25T21:55:00.971+01:00  INFO 2592 --- [books] [           main] org.hibernate.orm.connections.pooling    : HHH10001005: Database info:
	Database JDBC URL [Connecting through datasource 'HikariDataSource (HikariPool-1)']
	Database driver: undefined/unknown
	Database version: 16.4
	Autocommit mode: undefined/unknown
	Isolation level: undefined/unknown
	Minimum pool size: undefined/unknown
	Maximum pool size: undefined/unknown
2025-01-25T21:55:01.631+01:00  INFO 2592 --- [books] [           main] o.h.e.t.j.p.i.JtaPlatformInitiator       : HHH000489: No JTA platform available (set 'hibernate.transaction.jta.platform' to enable JTA platform integration)
2025-01-25T21:55:01.679+01:00  INFO 2592 --- [books] [           main] j.LocalContainerEntityManagerFactoryBean : Initialized JPA EntityManagerFactory for persistence unit 'default'
2025-01-25T21:55:01.841+01:00  WARN 2592 --- [books] [           main] JpaBaseConfiguration$JpaWebConfiguration : spring.jpa.open-in-view is enabled by default. Therefore, database queries may be performed during view rendering. Explicitly configure spring.jpa.open-in-view to disable this warning
2025-01-25T21:55:02.160+01:00  WARN 2592 --- [books] [           main] .s.s.UserDetailsServiceAutoConfiguration : 

Using generated security password: 5b02a591-eebd-4e93-beb1-5adde02cf59e

This generated password is for development use only. Your security configuration must be updated before running your application in production.

2025-01-25T21:55:02.174+01:00  INFO 2592 --- [books] [           main] r$InitializeUserDetailsManagerConfigurer : Global AuthenticationManager configured with UserDetailsService bean with name inMemoryUserDetailsManager
2025-01-25T21:55:02.331+01:00  INFO 2592 --- [books] [           main] com.max420.books.BooksApplicationTests   : Started BooksApplicationTests in 3.384 seconds (process running for 4.255)
]]></system-out>
    <system-err><![CDATA[Mockito is currently self-attaching to enable the inline-mock-maker. This will no longer work in future releases of the JDK. Please add Mockito as an agent to your build what is described in Mockito's documentation: https://javadoc.io/doc/org.mockito/mockito-core/latest/org/mockito/Mockito.html#0.3
WARNING: A Java agent has been loaded dynamically (C:\Users\Maks\.m2\repository\net\bytebuddy\byte-buddy-agent\1.15.11\byte-buddy-agent-1.15.11.jar)
WARNING: If a serviceability tool is in use, please run with -XX:+EnableDynamicAgentLoading to hide this warning
WARNING: If a serviceability tool is not in use, please run with -Djdk.instrument.traceUsage for more information
WARNING: Dynamic loading of agents will be disallowed by default in a future release
]]></system-err>
  </testcase>
</testsuite>